mode: set
github.com/scorpion00100/awesome-api/main.go:13.59,21.25 4 1
github.com/scorpion00100/awesome-api/main.go:22.9,24.17 1 1
github.com/scorpion00100/awesome-api/main.go:25.10,27.23 1 1
github.com/scorpion00100/awesome-api/main.go:31.2,31.16 1 1
github.com/scorpion00100/awesome-api/main.go:31.16,34.3 2 1
github.com/scorpion00100/awesome-api/main.go:37.2,40.56 2 1
github.com/scorpion00100/awesome-api/main.go:43.13,45.43 2 0
github.com/scorpion00100/awesome-api/main.go:45.43,47.3 1 0
github.com/scorpion00100/awesome-api/main.go:48.2,51.57 2 0
github.com/scorpion00100/awesome-api/main.go:54.32,65.2 4 1
github.com/scorpion00100/awesome-api/main.go:67.65,75.2 2 1
